android/app/build/intermediates/manifest_merge_blame_file/release/manifest-merger-blame-release-report.txt
1<?xml version="1.0" encoding="utf-8"?>
2<manifest xmlns:android="http://schemas.android.com/apk/res/android"
3    package="com.airkeyhub"
4    android:versionCode="4"
5    android:versionName="1.0" >
6
7    <uses-sdk
8        android:minSdkVersion="24"
9        android:targetSdkVersion="34" />
10
11    <uses-permission android:name="android.permission.INTERNET" />
11-->src/main/AndroidManifest.xml:3:3-65
11-->src/main/AndroidManifest.xml:3:20-62
12    <uses-permission android:name="android.permission.ACCESS_COARSE_LOCATION" />
12-->src/main/AndroidManifest.xml:4:3-79
12-->src/main/AndroidManifest.xml:4:20-76
13    <uses-permission android:name="android.permission.ACCESS_FINE_LOCATION" />
13-->src/main/AndroidManifest.xml:5:3-77
13-->src/main/AndroidManifest.xml:5:20-74
14    <uses-permission android:name="android.permission.READ_MEDIA_IMAGES" />
14-->src/main/AndroidManifest.xml:6:3-74
14-->src/main/AndroidManifest.xml:6:20-71
15    <uses-permission android:name="android.permission.CAMERA" />
15-->src/main/AndroidManifest.xml:7:3-63
15-->src/main/AndroidManifest.xml:7:20-60
16
17    <uses-feature
17-->src/main/AndroidManifest.xml:8:3-83
18        android:name="android.hardware.camera"
18-->src/main/AndroidManifest.xml:8:17-55
19        android:required="false" />
19-->src/main/AndroidManifest.xml:8:56-80
20    <uses-feature
20-->src/main/AndroidManifest.xml:9:3-89
21        android:name="android.hardware.camera.front"
21-->src/main/AndroidManifest.xml:9:17-61
22        android:required="false" />
22-->src/main/AndroidManifest.xml:9:62-86
23    <uses-feature android:name="android.hardware.camera.autofocus" />
23-->src/main/AndroidManifest.xml:10:3-68
23-->src/main/AndroidManifest.xml:10:17-65
24    <uses-feature android:name="android.hardware.camera.flash" />
24-->src/main/AndroidManifest.xml:11:3-64
24-->src/main/AndroidManifest.xml:11:17-61
25
26    <uses-permission android:name="android.permission.RECEIVE_BOOT_COMPLETED" />
26-->src/main/AndroidManifest.xml:12:3-79
26-->src/main/AndroidManifest.xml:12:20-76
27    <uses-permission android:name="android.permission.POST_NOTIFICATIONS" />
27-->src/main/AndroidManifest.xml:13:3-75
27-->src/main/AndroidManifest.xml:13:20-72
28    <uses-permission android:name="android.permission.NFC" />
28-->src/main/AndroidManifest.xml:14:3-60
28-->src/main/AndroidManifest.xml:14:20-57
29    <uses-permission android:name="android.permission.READ_EXTERNAL_STORAGE" />
29-->src/main/AndroidManifest.xml:15:3-77
29-->src/main/AndroidManifest.xml:15:20-75
30
31    <uses-feature
31-->src/main/AndroidManifest.xml:16:3-18:33
32        android:name="android.hardware.nfc"
32-->src/main/AndroidManifest.xml:17:6-41
33        android:required="false" />
33-->src/main/AndroidManifest.xml:18:6-30
34
35    <uses-permission android:name="android.permission.ACCESS_NETWORK_STATE" />
35-->[:react-native-community_netinfo] AndroidManifest.xml:7:5-79
35-->[:react-native-community_netinfo] AndroidManifest.xml:7:22-76
36    <uses-permission android:name="android.permission.ACCESS_WIFI_STATE" />
36-->[:react-native-community_netinfo] AndroidManifest.xml:8:5-76
36-->[:react-native-community_netinfo] AndroidManifest.xml:8:22-73
37    <uses-permission android:name="android.permission.WAKE_LOCK" />
37-->[:react-native-firebase_auth] AndroidManifest.xml:8:5-68
37-->[:react-native-firebase_auth] AndroidManifest.xml:8:22-65
38
39    <queries>
39-->[:react-native-image-crop-picker] AndroidManifest.xml:7:5-11:15
40        <intent>
40-->[:react-native-image-crop-picker] AndroidManifest.xml:8:9-10:18
41            <action android:name="android.media.action.IMAGE_CAPTURE" />
41-->[:react-native-image-crop-picker] AndroidManifest.xml:9:13-73
41-->[:react-native-image-crop-picker] AndroidManifest.xml:9:21-70
42        </intent>
43        <!-- Added to check the default browser that will host the AuthFlow. -->
44        <intent>
44-->[com.stripe:financial-connections:20.36.1] AndroidManifest.xml:13:9-17:18
45            <action android:name="android.intent.action.VIEW" />
45-->[com.stripe:financial-connections:20.36.1] AndroidManifest.xml:14:13-65
45-->[com.stripe:financial-connections:20.36.1] AndroidManifest.xml:14:21-62
46
47            <data android:scheme="http" />
47-->[com.stripe:financial-connections:20.36.1] AndroidManifest.xml:16:13-43
47-->[com.stripe:financial-connections:20.36.1] AndroidManifest.xml:16:19-40
48        </intent> <!-- Added to check if Chrome is installed for browser-based payment authentication (e.g. 3DS1). -->
49        <package android:name="com.android.chrome" /> <!-- Needs to be explicitly declared on Android R+ -->
49-->[com.stripe:payments-core:20.36.1] AndroidManifest.xml:11:9-54
49-->[com.stripe:payments-core:20.36.1] AndroidManifest.xml:11:18-51
50        <package android:name="com.google.android.apps.maps" />
50-->[com.google.android.gms:play-services-maps:18.2.0] AndroidManifest.xml:33:9-64
50-->[com.google.android.gms:play-services-maps:18.2.0] AndroidManifest.xml:33:18-61
51    </queries>
52
53    <uses-permission android:name="android.permission.WRITE_EXTERNAL_STORAGE" />
53-->[:react-native-image-crop-picker] AndroidManifest.xml:13:5-81
53-->[:react-native-image-crop-picker] AndroidManifest.xml:13:22-78
54    <uses-permission android:name="android.permission.FOREGROUND_SERVICE" /> <!-- Required by older versions of Google Play services to create IID tokens -->
54-->[androidx.work:work-runtime:2.8.0] AndroidManifest.xml:26:5-77
54-->[androidx.work:work-runtime:2.8.0] AndroidManifest.xml:26:22-74
55    <uses-permission android:name="com.google.android.c2dm.permission.RECEIVE" />
55-->[com.google.firebase:firebase-messaging:24.0.0] AndroidManifest.xml:26:5-82
55-->[com.google.firebase:firebase-messaging:24.0.0] AndroidManifest.xml:26:22-79
56    <uses-permission android:name="com.google.android.providers.gsf.permission.READ_GSERVICES" />
56-->[com.google.android.recaptcha:recaptcha:18.4.0] AndroidManifest.xml:9:5-98
56-->[com.google.android.recaptcha:recaptcha:18.4.0] AndroidManifest.xml:9:22-95
57
58    <uses-feature
58-->[com.google.android.gms:play-services-maps:18.2.0] AndroidManifest.xml:26:5-28:35
59        android:glEsVersion="0x00020000"
59-->[com.google.android.gms:play-services-maps:18.2.0] AndroidManifest.xml:27:9-41
60        android:required="true" />
60-->[com.google.android.gms:play-services-maps:18.2.0] AndroidManifest.xml:28:9-32
61
62    <permission
62-->[androidx.core:core:1.10.0] AndroidManifest.xml:22:5-24:47
63        android:name="com.airkeyhub.DYNAMIC_RECEIVER_NOT_EXPORTED_PERMISSION"
63-->[androidx.core:core:1.10.0] AndroidManifest.xml:23:9-81
64        android:protectionLevel="signature" />
64-->[androidx.core:core:1.10.0] AndroidManifest.xml:24:9-44
65
66    <uses-permission android:name="com.airkeyhub.DYNAMIC_RECEIVER_NOT_EXPORTED_PERMISSION" />
66-->[androidx.core:core:1.10.0] AndroidManifest.xml:26:5-97
66-->[androidx.core:core:1.10.0] AndroidManifest.xml:26:22-94
67    <uses-permission android:name="android.permission.VIBRATE" />
67-->[app.notifee:core:202108261754] AndroidManifest.xml:13:5-66
67-->[app.notifee:core:202108261754] AndroidManifest.xml:13:22-63
68    <uses-permission android:name="android.permission.USE_FULL_SCREEN_INTENT" />
68-->[app.notifee:core:202108261754] AndroidManifest.xml:16:5-81
68-->[app.notifee:core:202108261754] AndroidManifest.xml:16:22-78
69    <uses-permission android:name="android.permission.SCHEDULE_EXACT_ALARM" />
69-->[app.notifee:core:202108261754] AndroidManifest.xml:17:5-79
69-->[app.notifee:core:202108261754] AndroidManifest.xml:17:22-76
70    <uses-permission
70-->[app.notifee:core:202108261754] AndroidManifest.xml:18:5-20:38
71        android:name="android.permission.BROADCAST_CLOSE_SYSTEM_DIALOGS"
71-->[app.notifee:core:202108261754] AndroidManifest.xml:19:9-73
72        android:maxSdkVersion="30" /> <!-- For Xiaomi devices to enable heads-up notifications as default (https://github.com/invertase/notifee/issues/296) -->
72-->[app.notifee:core:202108261754] AndroidManifest.xml:20:9-35
73    <uses-permission
73-->[app.notifee:core:202108261754] AndroidManifest.xml:22:5-24:38
74        android:name="android.permission.ACCESS_NOTIFICATION_POLICY"
74-->[app.notifee:core:202108261754] AndroidManifest.xml:23:9-69
75        android:minSdkVersion="23" />
75-->[app.notifee:core:202108261754] AndroidManifest.xml:24:9-35
76
77    <application
77-->src/main/AndroidManifest.xml:20:3-43:17
78        android:name="com.airkeyhub.MainApplication"
78-->src/main/AndroidManifest.xml:21:5-36
79        android:allowBackup="false"
79-->src/main/AndroidManifest.xml:25:5-32
80        android:appComponentFactory="androidx.core.app.CoreComponentFactory"
80-->[androidx.core:core:1.10.0] AndroidManifest.xml:28:18-86
81        android:extractNativeLibs="false"
82        android:icon="@mipmap/ic_launcher"
82-->src/main/AndroidManifest.xml:23:5-39
83        android:label="@string/app_name"
83-->src/main/AndroidManifest.xml:22:5-37
84        android:roundIcon="@mipmap/ic_launcher_round"
84-->src/main/AndroidManifest.xml:24:5-50
85        android:theme="@style/AppTheme" >
85-->src/main/AndroidManifest.xml:26:5-36
86        <activity
86-->src/main/AndroidManifest.xml:27:5-39:16
87            android:name="com.airkeyhub.MainActivity"
87-->src/main/AndroidManifest.xml:28:7-35
88            android:configChanges="keyboard|keyboardHidden|orientation|screenLayout|screenSize|smallestScreenSize|uiMode"
88-->src/main/AndroidManifest.xml:31:7-116
89            android:exported="true"
89-->src/main/AndroidManifest.xml:34:7-30
90            android:label="@string/app_name"
90-->src/main/AndroidManifest.xml:29:7-39
91            android:launchMode="singleTask"
91-->src/main/AndroidManifest.xml:32:7-38
92            android:screenOrientation="portrait"
92-->src/main/AndroidManifest.xml:30:7-43
93            android:windowSoftInputMode="adjustResize" >
93-->src/main/AndroidManifest.xml:33:7-49
94            <intent-filter>
94-->src/main/AndroidManifest.xml:35:7-38:23
95                <action android:name="android.intent.action.MAIN" />
95-->src/main/AndroidManifest.xml:36:9-61
95-->src/main/AndroidManifest.xml:36:17-58
96
97                <category android:name="android.intent.category.LAUNCHER" />
97-->src/main/AndroidManifest.xml:37:9-69
97-->src/main/AndroidManifest.xml:37:19-66
98            </intent-filter>
99        </activity>
100
101        <meta-data
101-->src/main/AndroidManifest.xml:40:5-42:65
102            android:name="com.google.android.geo.API_KEY"
102-->src/main/AndroidManifest.xml:41:7-52
103            android:value="AIzaSyAIcJXGmfpzfr1bSVhewjpMx17SdreO-4g" />
103-->src/main/AndroidManifest.xml:42:7-62
104
105        <provider
105-->[:notifee_react-native] AndroidManifest.xml:8:9-12:40
106            android:name="io.invertase.notifee.NotifeeInitProvider"
106-->[:notifee_react-native] AndroidManifest.xml:9:13-68
107            android:authorities="com.airkeyhub.notifee-init-provider"
107-->[:notifee_react-native] AndroidManifest.xml:10:13-73
108            android:exported="false"
108-->[:notifee_react-native] AndroidManifest.xml:11:13-37
109            android:initOrder="-100" />
109-->[:notifee_react-native] AndroidManifest.xml:12:13-37
110
111        <service
111-->[:react-native-firebase_messaging] AndroidManifest.xml:12:9-14:40
112            android:name="io.invertase.firebase.messaging.ReactNativeFirebaseMessagingHeadlessService"
112-->[:react-native-firebase_messaging] AndroidManifest.xml:13:13-103
113            android:exported="false" />
113-->[:react-native-firebase_messaging] AndroidManifest.xml:14:13-37
114        <service
114-->[:react-native-firebase_messaging] AndroidManifest.xml:15:9-21:19
115            android:name="io.invertase.firebase.messaging.ReactNativeFirebaseMessagingService"
115-->[:react-native-firebase_messaging] AndroidManifest.xml:16:13-95
116            android:exported="false" >
116-->[:react-native-firebase_messaging] AndroidManifest.xml:17:13-37
117            <intent-filter>
117-->[:react-native-firebase_messaging] AndroidManifest.xml:18:13-20:29
118                <action android:name="com.google.firebase.MESSAGING_EVENT" />
118-->[:react-native-firebase_messaging] AndroidManifest.xml:19:17-78
118-->[:react-native-firebase_messaging] AndroidManifest.xml:19:25-75
119            </intent-filter>
120        </service>
121
122        <receiver
122-->[:react-native-firebase_messaging] AndroidManifest.xml:23:9-30:20
123            android:name="io.invertase.firebase.messaging.ReactNativeFirebaseMessagingReceiver"
123-->[:react-native-firebase_messaging] AndroidManifest.xml:24:13-96
124            android:exported="true"
124-->[:react-native-firebase_messaging] AndroidManifest.xml:25:13-36
125            android:permission="com.google.android.c2dm.permission.SEND" >
125-->[:react-native-firebase_messaging] AndroidManifest.xml:26:13-73
126            <intent-filter>
126-->[:react-native-firebase_messaging] AndroidManifest.xml:27:13-29:29
127                <action android:name="com.google.android.c2dm.intent.RECEIVE" />
127-->[:react-native-firebase_messaging] AndroidManifest.xml:28:17-81
127-->[:react-native-firebase_messaging] AndroidManifest.xml:28:25-78
128            </intent-filter>
129        </receiver>
130
131        <meta-data
131-->[:react-native-firebase_messaging] AndroidManifest.xml:32:9-34:36
132            android:name="firebase_messaging_auto_init_enabled"
132-->[:react-native-firebase_messaging] AndroidManifest.xml:33:13-64
133            android:value="true" />
133-->[:react-native-firebase_messaging] AndroidManifest.xml:34:13-33
134        <meta-data
134-->[:react-native-firebase_messaging] AndroidManifest.xml:35:9-37:32
135            android:name="com.google.firebase.messaging.default_notification_channel_id"
135-->[:react-native-firebase_messaging] AndroidManifest.xml:36:13-89
136            android:value="" />
136-->[:react-native-firebase_messaging] AndroidManifest.xml:37:13-29
137        <meta-data
137-->[:react-native-firebase_messaging] AndroidManifest.xml:38:9-40:47
138            android:name="com.google.firebase.messaging.default_notification_color"
138-->[:react-native-firebase_messaging] AndroidManifest.xml:39:13-84
139            android:resource="@color/white" />
139-->[:react-native-firebase_messaging] AndroidManifest.xml:40:13-44
140        <meta-data
140-->[:react-native-firebase_app] AndroidManifest.xml:9:9-11:36
141            android:name="app_data_collection_default_enabled"
141-->[:react-native-firebase_app] AndroidManifest.xml:10:13-63
142            android:value="true" />
142-->[:react-native-firebase_app] AndroidManifest.xml:11:13-33
143
144        <service
144-->[:react-native-firebase_app] AndroidManifest.xml:13:9-21:19
145            android:name="com.google.firebase.components.ComponentDiscoveryService"
145-->[:react-native-firebase_app] AndroidManifest.xml:14:13-84
146            android:directBootAware="true"
146-->[:react-native-firebase_app] AndroidManifest.xml:15:13-43
147            android:exported="false" >
147-->[:react-native-firebase_app] AndroidManifest.xml:16:13-37
148            <meta-data
148-->[:react-native-firebase_app] AndroidManifest.xml:18:13-20:85
149                android:name="com.google.firebase.components:io.invertase.firebase.app.ReactNativeFirebaseAppRegistrar"
149-->[:react-native-firebase_app] AndroidManifest.xml:19:17-120
150                android:value="com.google.firebase.components.ComponentRegistrar" />
150-->[:react-native-firebase_app] AndroidManifest.xml:20:17-82
151            <meta-data
151-->[com.google.firebase:firebase-auth:23.0.0] AndroidManifest.xml:69:13-71:85
152                android:name="com.google.firebase.components:com.google.firebase.auth.FirebaseAuthRegistrar"
152-->[com.google.firebase:firebase-auth:23.0.0] AndroidManifest.xml:70:17-109
153                android:value="com.google.firebase.components.ComponentRegistrar" />
153-->[com.google.firebase:firebase-auth:23.0.0] AndroidManifest.xml:71:17-82
154            <meta-data
154-->[com.google.firebase:firebase-messaging:24.0.0] AndroidManifest.xml:57:13-59:85
155                android:name="com.google.firebase.components:com.google.firebase.messaging.FirebaseMessagingKtxRegistrar"
155-->[com.google.firebase:firebase-messaging:24.0.0] AndroidManifest.xml:58:17-122
156                android:value="com.google.firebase.components.ComponentRegistrar" />
156-->[com.google.firebase:firebase-messaging:24.0.0] AndroidManifest.xml:59:17-82
157            <meta-data
157-->[com.google.firebase:firebase-messaging:24.0.0] AndroidManifest.xml:60:13-62:85
158                android:name="com.google.firebase.components:com.google.firebase.messaging.FirebaseMessagingRegistrar"
158-->[com.google.firebase:firebase-messaging:24.0.0] AndroidManifest.xml:61:17-119
159                android:value="com.google.firebase.components.ComponentRegistrar" />
159-->[com.google.firebase:firebase-messaging:24.0.0] AndroidManifest.xml:62:17-82
160            <meta-data
160-->[com.google.firebase:firebase-installations:18.0.0] AndroidManifest.xml:15:13-17:85
161                android:name="com.google.firebase.components:com.google.firebase.installations.FirebaseInstallationsKtxRegistrar"
161-->[com.google.firebase:firebase-installations:18.0.0] AndroidManifest.xml:16:17-130
162                android:value="com.google.firebase.components.ComponentRegistrar" />
162-->[com.google.firebase:firebase-installations:18.0.0] AndroidManifest.xml:17:17-82
163            <meta-data
163-->[com.google.firebase:firebase-installations:18.0.0] AndroidManifest.xml:18:13-20:85
164                android:name="com.google.firebase.components:com.google.firebase.installations.FirebaseInstallationsRegistrar"
164-->[com.google.firebase:firebase-installations:18.0.0] AndroidManifest.xml:19:17-127
165                android:value="com.google.firebase.components.ComponentRegistrar" />
165-->[com.google.firebase:firebase-installations:18.0.0] AndroidManifest.xml:20:17-82
166            <meta-data
166-->[com.google.firebase:firebase-common-ktx:21.0.0] AndroidManifest.xml:12:13-14:85
167                android:name="com.google.firebase.components:com.google.firebase.ktx.FirebaseCommonLegacyRegistrar"
167-->[com.google.firebase:firebase-common-ktx:21.0.0] AndroidManifest.xml:13:17-116
168                android:value="com.google.firebase.components.ComponentRegistrar" />
168-->[com.google.firebase:firebase-common-ktx:21.0.0] AndroidManifest.xml:14:17-82
169            <meta-data
169-->[com.google.firebase:firebase-common:21.0.0] AndroidManifest.xml:35:13-37:85
170                android:name="com.google.firebase.components:com.google.firebase.FirebaseCommonKtxRegistrar"
170-->[com.google.firebase:firebase-common:21.0.0] AndroidManifest.xml:36:17-109
171                android:value="com.google.firebase.components.ComponentRegistrar" />
171-->[com.google.firebase:firebase-common:21.0.0] AndroidManifest.xml:37:17-82
172            <meta-data
172-->[com.google.firebase:firebase-datatransport:18.2.0] AndroidManifest.xml:25:13-27:85
173                android:name="com.google.firebase.components:com.google.firebase.datatransport.TransportRegistrar"
173-->[com.google.firebase:firebase-datatransport:18.2.0] AndroidManifest.xml:26:17-115
174                android:value="com.google.firebase.components.ComponentRegistrar" />
174-->[com.google.firebase:firebase-datatransport:18.2.0] AndroidManifest.xml:27:17-82
175        </service>
176
177        <provider
177-->[:react-native-firebase_app] AndroidManifest.xml:23:9-27:38
178            android:name="io.invertase.firebase.app.ReactNativeFirebaseAppInitProvider"
178-->[:react-native-firebase_app] AndroidManifest.xml:24:13-88
179            android:authorities="com.airkeyhub.reactnativefirebaseappinitprovider"
179-->[:react-native-firebase_app] AndroidManifest.xml:25:13-86
180            android:exported="false"
180-->[:react-native-firebase_app] AndroidManifest.xml:26:13-37
181            android:initOrder="99" />
181-->[:react-native-firebase_app] AndroidManifest.xml:27:13-35
182
183        <meta-data
183-->[:sentry_react-native] AndroidManifest.xml:11:9-13:37
184            android:name="io.sentry.auto-init"
184-->[:sentry_react-native] AndroidManifest.xml:12:13-47
185            android:value="false" />
185-->[:sentry_react-native] AndroidManifest.xml:13:13-34
186
187        <provider
187-->[:react-native-image-crop-picker] AndroidManifest.xml:16:9-24:20
188            android:name="com.reactnative.ivpusic.imagepicker.IvpusicImagePickerFileProvider"
188-->[:react-native-image-crop-picker] AndroidManifest.xml:17:13-94
189            android:authorities="com.airkeyhub.provider"
189-->[:react-native-image-crop-picker] AndroidManifest.xml:18:13-60
190            android:exported="false"
190-->[:react-native-image-crop-picker] AndroidManifest.xml:19:13-37
191            android:grantUriPermissions="true" >
191-->[:react-native-image-crop-picker] AndroidManifest.xml:20:13-47
192            <meta-data
192-->[:react-native-image-crop-picker] AndroidManifest.xml:21:13-23:78
193                android:name="android.support.FILE_PROVIDER_PATHS"
193-->[:react-native-image-crop-picker] AndroidManifest.xml:22:17-67
194                android:resource="@xml/ivpusic_imagepicker_provider_paths" />
194-->[:react-native-image-crop-picker] AndroidManifest.xml:23:17-75
195        </provider>
196
197        <activity
197-->[:react-native-image-crop-picker] AndroidManifest.xml:26:9-28:72
198            android:name="com.yalantis.ucrop.UCropActivity"
198-->[:react-native-image-crop-picker] AndroidManifest.xml:27:13-60
199            android:theme="@style/Theme.AppCompat.Light.NoActionBar" />
199-->[:react-native-image-crop-picker] AndroidManifest.xml:28:13-69
200
201        <provider
201-->[:react-native-share] AndroidManifest.xml:8:9-16:20
202            android:name="cl.json.RNShareFileProvider"
202-->[:react-native-share] AndroidManifest.xml:9:13-55
203            android:authorities="com.airkeyhub.rnshare.fileprovider"
203-->[:react-native-share] AndroidManifest.xml:10:13-72
204            android:exported="false"
204-->[:react-native-share] AndroidManifest.xml:11:13-37
205            android:grantUriPermissions="true" >
205-->[:react-native-share] AndroidManifest.xml:12:13-47
206            <meta-data
206-->[:react-native-image-crop-picker] AndroidManifest.xml:21:13-23:78
207                android:name="android.support.FILE_PROVIDER_PATHS"
207-->[:react-native-image-crop-picker] AndroidManifest.xml:22:17-67
208                android:resource="@xml/share_download_paths" />
208-->[:react-native-image-crop-picker] AndroidManifest.xml:23:17-75
209        </provider>
210
211        <activity
211-->[com.stripe:financial-connections:20.36.1] AndroidManifest.xml:21:9-65:20
212            android:name="com.stripe.android.financialconnections.FinancialConnectionsSheetRedirectActivity"
212-->[com.stripe:financial-connections:20.36.1] AndroidManifest.xml:22:13-109
213            android:exported="true"
213-->[com.stripe:financial-connections:20.36.1] AndroidManifest.xml:23:13-36
214            android:launchMode="singleTask" >
214-->[com.stripe:financial-connections:20.36.1] AndroidManifest.xml:24:13-44
215            <intent-filter>
215-->[com.stripe:financial-connections:20.36.1] AndroidManifest.xml:25:13-64:29
216                <action android:name="android.intent.action.VIEW" />
216-->[com.stripe:financial-connections:20.36.1] AndroidManifest.xml:14:13-65
216-->[com.stripe:financial-connections:20.36.1] AndroidManifest.xml:14:21-62
217
218                <category android:name="android.intent.category.DEFAULT" />
218-->[com.stripe:financial-connections:20.36.1] AndroidManifest.xml:28:17-76
218-->[com.stripe:financial-connections:20.36.1] AndroidManifest.xml:28:27-73
219                <category android:name="android.intent.category.BROWSABLE" />
219-->[com.stripe:financial-connections:20.36.1] AndroidManifest.xml:29:17-78
219-->[com.stripe:financial-connections:20.36.1] AndroidManifest.xml:29:27-75
220
221                <!-- Returning from app2app: return_url is triggered to reopen web AuthFlow and poll accounts. -->
222                <data
222-->[com.stripe:financial-connections:20.36.1] AndroidManifest.xml:16:13-43
223                    android:host="link-accounts"
224                    android:pathPrefix="/com.airkeyhub/authentication_return"
225                    android:scheme="stripe-auth" />
225-->[com.stripe:financial-connections:20.36.1] AndroidManifest.xml:16:19-40
226
227                <!-- Returning from app2app: return_url is triggered to reopen native AuthFlow and poll accounts. -->
228                <data
228-->[com.stripe:financial-connections:20.36.1] AndroidManifest.xml:16:13-43
229                    android:host="link-native-accounts"
230                    android:pathPrefix="/com.airkeyhub/authentication_return"
231                    android:scheme="stripe-auth" />
231-->[com.stripe:financial-connections:20.36.1] AndroidManifest.xml:16:19-40
232
233                <!-- End of web AuthFlow success and cancel URIs that begin with "stripe-auth://link-accounts/{app-id}/...” -->
234                <data
234-->[com.stripe:financial-connections:20.36.1] AndroidManifest.xml:16:13-43
235                    android:host="link-accounts"
236                    android:path="/com.airkeyhub/success"
237                    android:scheme="stripe-auth" />
237-->[com.stripe:financial-connections:20.36.1] AndroidManifest.xml:16:19-40
238                <data
238-->[com.stripe:financial-connections:20.36.1] AndroidManifest.xml:16:13-43
239                    android:host="link-accounts"
240                    android:path="/com.airkeyhub/cancel"
241                    android:scheme="stripe-auth" />
241-->[com.stripe:financial-connections:20.36.1] AndroidManifest.xml:16:19-40
242
243                <!-- Opening app2app: Web flow triggers stripe-auth://native-redirect/{app-id}/http://web-that-redirects-to-native -->
244                <data
244-->[com.stripe:financial-connections:20.36.1] AndroidManifest.xml:16:13-43
245                    android:host="native-redirect"
246                    android:pathPrefix="/com.airkeyhub"
247                    android:scheme="stripe-auth" />
247-->[com.stripe:financial-connections:20.36.1] AndroidManifest.xml:16:19-40
248
249                <!-- Accepts success/cancel/fail URIs that begin with "stripe://auth-redirect” -->
250                <data
250-->[com.stripe:financial-connections:20.36.1] AndroidManifest.xml:16:13-43
251                    android:host="auth-redirect"
252                    android:pathPrefix="/com.airkeyhub"
253                    android:scheme="stripe" />
253-->[com.stripe:financial-connections:20.36.1] AndroidManifest.xml:16:19-40
254            </intent-filter>
255        </activity>
256        <activity
256-->[com.stripe:financial-connections:20.36.1] AndroidManifest.xml:66:9-69:57
257            android:name="com.stripe.android.financialconnections.FinancialConnectionsSheetActivity"
257-->[com.stripe:financial-connections:20.36.1] AndroidManifest.xml:67:13-101
258            android:exported="false"
258-->[com.stripe:financial-connections:20.36.1] AndroidManifest.xml:68:13-37
259            android:theme="@style/StripeDefaultTheme" />
259-->[com.stripe:financial-connections:20.36.1] AndroidManifest.xml:69:13-54
260        <activity
260-->[com.stripe:financial-connections:20.36.1] AndroidManifest.xml:70:9-74:58
261            android:name="com.stripe.android.financialconnections.ui.FinancialConnectionsSheetNativeActivity"
261-->[com.stripe:financial-connections:20.36.1] AndroidManifest.xml:71:13-110
262            android:exported="false"
262-->[com.stripe:financial-connections:20.36.1] AndroidManifest.xml:72:13-37
263            android:theme="@style/StripeDefaultTheme"
263-->[com.stripe:financial-connections:20.36.1] AndroidManifest.xml:73:13-54
264            android:windowSoftInputMode="adjustResize" />
264-->[com.stripe:financial-connections:20.36.1] AndroidManifest.xml:74:13-55
265
266        <provider
266-->[com.stripe:financial-connections:20.36.1] AndroidManifest.xml:76:9-80:43
267            android:name="com.stripe.android.financialconnections.appinitializer.FinancialConnectionsInitializer"
267-->[com.stripe:financial-connections:20.36.1] AndroidManifest.xml:77:13-114
268            android:authorities="com.airkeyhub.financialconnections-init"
268-->[com.stripe:financial-connections:20.36.1] AndroidManifest.xml:78:13-77
269            android:exported="false"
269-->[com.stripe:financial-connections:20.36.1] AndroidManifest.xml:79:13-37
270            android:multiprocess="true" />
270-->[com.stripe:financial-connections:20.36.1] AndroidManifest.xml:80:13-40
271
272        <activity
272-->[com.stripe:paymentsheet:20.36.1] AndroidManifest.xml:8:9-12:58
273            android:name="com.stripe.android.paymentsheet.PaymentSheetActivity"
273-->[com.stripe:paymentsheet:20.36.1] AndroidManifest.xml:9:13-80
274            android:exported="false"
274-->[com.stripe:paymentsheet:20.36.1] AndroidManifest.xml:10:13-37
275            android:theme="@style/StripePaymentSheetDefaultTheme"
275-->[com.stripe:paymentsheet:20.36.1] AndroidManifest.xml:11:13-66
276            android:windowSoftInputMode="adjustResize" />
276-->[com.stripe:paymentsheet:20.36.1] AndroidManifest.xml:12:13-55
277        <activity
277-->[com.stripe:paymentsheet:20.36.1] AndroidManifest.xml:13:9-17:58
278            android:name="com.stripe.android.paymentsheet.PaymentOptionsActivity"
278-->[com.stripe:paymentsheet:20.36.1] AndroidManifest.xml:14:13-82
279            android:exported="false"
279-->[com.stripe:paymentsheet:20.36.1] AndroidManifest.xml:15:13-37
280            android:theme="@style/StripePaymentSheetDefaultTheme"
280-->[com.stripe:paymentsheet:20.36.1] AndroidManifest.xml:16:13-66